<?xml version="1.0" encoding="utf-8"?><testsuites name="pytest tests"><testsuite name="pytest" errors="0" failures="0" skipped="0" tests="15" time="1.566" timestamp="2026-05-16T14:18:29.227973+00:00" hostname="agent-env-2044eb8d-42b4-4a64-b23d-5490a59ccf78"><testcase classname="backend.tests.test_public_endpoints.TestHealth" name="test_health_check_public" time="0.425" /><testcase classname="backend.tests.test_public_endpoints.TestArticlesPublic" name="test_list_articles_no_auth" time="0.051" /><testcase classname="backend.tests.test_public_endpoints.TestArticlesPublic" name="test_articles_payload_small_and_no_base64" time="0.046" /><testcase classname="backend.tests.test_public_endpoints.TestArticlesPublic" name="test_at_least_one_article_uses_api_files_cover" time="0.053" /><testcase classname="backend.tests.test_public_endpoints.TestArticlesPublic" name="test_articles_count_no_auth" time="0.046" /><testcase classname="backend.tests.test_public_endpoints.TestArticlesPublic" name="test_get_migrated_article_no_auth" time="0.046" /><testcase classname="backend.tests.test_public_endpoints.TestFileServing" name="test_serve_existing_file_public_status_and_ct" time="0.324" /><testcase classname="backend.tests.test_public_endpoints.TestFileServing" name="test_serve_existing_file_cache_control_at_backend" time="0.235" /><testcase classname="backend.tests.test_public_endpoints.TestFileServing" name="test_serve_nonexistent_file_returns_404" time="0.052" /><testcase classname="backend.tests.test_public_endpoints.TestAuthGating" name="test_me_without_token_401" time="0.048" /><testcase classname="backend.tests.test_public_endpoints.TestAuthGating" name="test_upload_without_auth_401" time="0.050" /><testcase classname="backend.tests.test_public_endpoints.TestCORSBackend" name="test_preflight_articles_specific_origin_backend" time="0.001" /><testcase classname="backend.tests.test_public_endpoints.TestCORSBackend" name="test_simple_get_articles_with_origin_specific_acao_backend" time="0.043" /><testcase classname="backend.tests.test_public_endpoints.TestCORSBackend" name="test_preview_origin_via_regex_backend" time="0.043" /><testcase classname="backend.tests.test_public_endpoints.TestCORSBackend" name="test_unknown_origin_not_echoed_backend" time="0.043" /></testsuite></testsuites>